{"uid":"4b4757e66a1912dae1a509f688f20b0f","children":[{"name":"Product defects","children":[{"name":"AssertionError: FAILED SUB-STEP: Given User is on the Home page\nSubstep info: Traceback (most recent call last):\n  File \"steps/login_steps.py\", line 18, in step_impl\n    wait_for_element_visibility(context, page_title_xpath)\n  File \"/home/runner/work/cinc_assignment/cinc_assignment/features/utils.py\", line 5, in wait_for_element_visibility\n    context.wait.until(expected_conditions.visibility_of_element_located((By.XPATH, element_xpath)))\n  File \"/home/runner/.local/lib/python3.8/site-packages/selenium/webdriver/support/wait.py\", line 90, in until\n    raise TimeoutException(message, screen, stacktrace)\nselenium.common.exceptions.TimeoutException: Message: \nStacktrace:\n#0 0x55b8883b62c3 <unknown>\n#1 0x55b8881bf83a <unknown>\n#2 0x55b8881f8985 <unknown>\n#3 0x55b8881f8b61 <unknown>\n#4 0x55b888230d14 <unknown>\n#5 0x55b888216f6d <unknown>\n#6 0x55b88822ea50 <unknown>\n#7 0x55b888216d63 <unknown>\n#8 0x55b8881eb7e3 <unknown>\n#9 0x55b8881eca21 <unknown>\n#10 0x55b88840418e <unknown>\n#11 0x55b888407622 <unknown>\n#12 0x55b8883eaaae <unknown>\n#13 0x55b8884082a3 <unknown>\n#14 0x55b8883deecf <unknown>\n#15 0x55b888428588 <unknown>\n#16 0x55b888428706 <unknown>\n#17 0x55b8884428b2 <unknown>\n#18 0x7ff9e8e8f609 <unknown>\n\n\nDuring handling of the above exception, another exception occurred:\n\nTraceback (most recent call last):\n  File \"/home/runner/.local/lib/python3.8/site-packages/behave/model.py\", line 1329, in run\n    match.run(runner.context)\n  File \"/home/runner/.local/lib/python3.8/site-packages/behave/matchers.py\", line 98, in run\n    self.func(context, *args, **kwargs)\n  File \"steps/login_steps.py\", line 27, in step_impl\n    log_out = context.driver.find_element(By.XPATH, log_out_xpath)\n  File \"/home/runner/.local/lib/python3.8/site-packages/selenium/webdriver/remote/webdriver.py\", line 856, in find_element\n    return self.execute(Command.FIND_ELEMENT, {\n  File \"/home/runner/.local/lib/python3.8/site-packages/selenium/webdriver/remote/webdriver.py\", line 429, in execute\n    self.error_handler.check_response(response)\n  File \"/home/runner/.local/lib/python3.8/site-packages/selenium/webdriver/remote/errorhandler.py\", line 243, in check_response\n    raise exception_class(message, screen, stacktrace)\nselenium.common.exceptions.NoSuchElementException: Message: no such element: Unable to locate element: {\"method\":\"xpath\",\"selector\":\"/html/body/div/div[1]/div/nav/ul/li[4]/div/ul/li[6]/a\"}\n  (Session info: headless chrome=106.0.5249.119)\nStacktrace:\n#0 0x55b8883b62c3 <unknown>\n#1 0x55b8881bf83a <unknown>\n#2 0x55b8881f8985 <unknown>\n#3 0x55b8881f8b61 <unknown>\n#4 0x55b888230d14 <unknown>\n#5 0x55b888216f6d <unknown>\n#6 0x55b88822ea50 <unknown>\n#7 0x55b888216d63 <unknown>\n#8 0x55b8881eb7e3 <unknown>\n#9 0x55b8881eca21 <unknown>\n#10 0x55b88840418e <unknown>\n#11 0x55b888407622 <unknown>\n#12 0x55b8883eaaae <unknown>\n#13 0x55b8884082a3 <unknown>\n#14 0x55b8883deecf <unknown>\n#15 0x55b888428588 <unknown>\n#16 0x55b888428706 <unknown>\n#17 0x55b8884428b2 <unknown>\n#18 0x7ff9e8e8f609 <unknown>\n\n\nTraceback (of failed substep):\n  File \"/home/runner/.local/lib/python3.8/site-packages/behave/model.py\", line 1329, in run\n    match.run(runner.context)\n  File \"/home/runner/.local/lib/python3.8/site-packages/behave/matchers.py\", line 98, in run\n    self.func(context, *args, **kwargs)\n  File \"steps/login_steps.py\", line 27, in step_impl\n    log_out = context.driver.find_element(By.XPATH, log_out_xpath)\n  File \"/home/runner/.local/lib/python3.8/site-packages/selenium/webdriver/remote/webdriver.py\", line 856, in find_element\n    return self.execute(Command.FIND_ELEMENT, {\n  File \"/home/runner/.local/lib/python3.8/site-packages/selenium/webdriver/remote/webdriver.py\", line 429, in execute\n    self.error_handler.check_response(response)\n  File \"/home/runner/.local/lib/python3.8/site-packages/selenium/webdriver/remote/errorhandler.py\", line 243, in check_response\n    raise exception_class(message, screen, stacktrace)\n\n","children":[{"name":"Add a Recipe to a Collection -- @1.1 ","uid":"8f5c565baa8038d8","parentUid":"efa58ad3bab900834883fb2acab8135b","status":"failed","time":{"start":1667413847209,"stop":1667413857582,"duration":10373},"flaky":true,"newFailed":false,"newPassed":false,"newBroken":false,"retriesCount":0,"retriesStatusChange":false,"parameters":["uhqom-duqmum-tepXe7","Test Collection","technical_assignment"]}],"uid":"efa58ad3bab900834883fb2acab8135b"},{"name":"AssertionError\n","children":[{"name":"User can add a Collection with the same name as a deleted Collection -- @1.1 ","uid":"321233665647f3c9","parentUid":"a730cf0b0a23aabea6d11aa0391c8a76","status":"failed","time":{"start":1667413857582,"stop":1667413870840,"duration":13258},"flaky":false,"newFailed":false,"newPassed":false,"newBroken":false,"retriesCount":0,"retriesStatusChange":false,"parameters":["You already have a collection with that title.","uhqom-duqmum-tepXe7","Test Collection","technical_assignment"]}],"uid":"a730cf0b0a23aabea6d11aa0391c8a76"}],"uid":"8fb3a91ba5aaf9de24cc8a92edc82b5d"},{"name":"Test defects","children":[{"name":"selenium.common.exceptions.NoSuchElementException: Message: no such element: Unable to locate element: {\"method\":\"xpath\",\"selector\":\"/html/body/div/div[1]/div/nav/ul/li[4]/div/ul/li[6]/a\"}\n  (Session info: headless chrome=106.0.5249.119)\nStacktrace:\n#0 0x55b8883b62c3 <unknown>\n#1 0x55b8881bf83a <unknown>\n#2 0x55b8881f8985 <unknown>\n#3 0x55b8881f8b61 <unknown>\n#4 0x55b888230d14 <unknown>\n#5 0x55b888216f6d <unknown>\n#6 0x55b88822ea50 <unknown>\n#7 0x55b888216d63 <unknown>\n#8 0x55b8881eb7e3 <unknown>\n#9 0x55b8881eca21 <unknown>\n#10 0x55b88840418e <unknown>\n#11 0x55b888407622 <unknown>\n#12 0x55b8883eaaae <unknown>\n#13 0x55b8884082a3 <unknown>\n#14 0x55b8883deecf <unknown>\n#15 0x55b888428588 <unknown>\n#16 0x55b888428706 <unknown>\n#17 0x55b8884428b2 <unknown>\n#18 0x7ff9e8e8f609 <unknown>\n\n","children":[{"name":"Login -- @1.1 ","uid":"7e2a8941240c9106","parentUid":"13a29a44d1836390fcf2c414a20d2d0a","status":"broken","time":{"start":1667413870841,"stop":1667413881209,"duration":10368},"flaky":false,"newFailed":false,"newPassed":false,"newBroken":true,"retriesCount":0,"retriesStatusChange":false,"parameters":["uhqom-duqmum-tepXe7","technical_assignment"]}],"uid":"13a29a44d1836390fcf2c414a20d2d0a"}],"uid":"bdbf199525818fae7a8651db9eafe741"}],"name":"categories"}