{"uid":"874dccdc73838559","name":"Login -- @1.1 ","fullName":"Login: Login","historyId":"008ee9d2b6280a68e13bf0acd583d8ff","time":{"start":1667414029205,"stop":1667414039575,"duration":10370},"status":"broken","statusMessage":"selenium.common.exceptions.NoSuchElementException: Message: no such element: Unable to locate element: {\"method\":\"xpath\",\"selector\":\"/html/body/div/div[1]/div/nav/ul/li[4]/div/ul/li[6]/a\"}\n  (Session info: headless chrome=106.0.5249.119)\nStacktrace:\n#0 0x55756d6b42c3 <unknown>\n#1 0x55756d4bd83a <unknown>\n#2 0x55756d4f6985 <unknown>\n#3 0x55756d4f6b61 <unknown>\n#4 0x55756d52ed14 <unknown>\n#5 0x55756d514f6d <unknown>\n#6 0x55756d52ca50 <unknown>\n#7 0x55756d514d63 <unknown>\n#8 0x55756d4e97e3 <unknown>\n#9 0x55756d4eaa21 <unknown>\n#10 0x55756d70218e <unknown>\n#11 0x55756d705622 <unknown>\n#12 0x55756d6e8aae <unknown>\n#13 0x55756d7062a3 <unknown>\n#14 0x55756d6dcecf <unknown>\n#15 0x55756d726588 <unknown>\n#16 0x55756d726706 <unknown>\n#17 0x55756d7408b2 <unknown>\n#18 0x7fa46ceb2609 <unknown>\n\n","statusTrace":"  File \"/home/runner/.local/lib/python3.8/site-packages/behave/model.py\", line 1329, in run\n    match.run(runner.context)\n  File \"/home/runner/.local/lib/python3.8/site-packages/behave/matchers.py\", line 98, in run\n    self.func(context, *args, **kwargs)\n  File \"steps/login_steps.py\", line 27, in step_impl\n    log_out = context.driver.find_element(By.XPATH, log_out_xpath)\n  File \"/home/runner/.local/lib/python3.8/site-packages/selenium/webdriver/remote/webdriver.py\", line 856, in find_element\n    return self.execute(Command.FIND_ELEMENT, {\n  File \"/home/runner/.local/lib/python3.8/site-packages/selenium/webdriver/remote/webdriver.py\", line 429, in execute\n    self.error_handler.check_response(response)\n  File \"/home/runner/.local/lib/python3.8/site-packages/selenium/webdriver/remote/errorhandler.py\", line 243, in check_response\n    raise exception_class(message, screen, stacktrace)\n","flaky":false,"newFailed":false,"newBroken":false,"newPassed":false,"retriesCount":0,"retriesStatusChange":false,"beforeStages":[],"testStage":{"status":"broken","statusMessage":"selenium.common.exceptions.NoSuchElementException: Message: no such element: Unable to locate element: {\"method\":\"xpath\",\"selector\":\"/html/body/div/div[1]/div/nav/ul/li[4]/div/ul/li[6]/a\"}\n  (Session info: headless chrome=106.0.5249.119)\nStacktrace:\n#0 0x55756d6b42c3 <unknown>\n#1 0x55756d4bd83a <unknown>\n#2 0x55756d4f6985 <unknown>\n#3 0x55756d4f6b61 <unknown>\n#4 0x55756d52ed14 <unknown>\n#5 0x55756d514f6d <unknown>\n#6 0x55756d52ca50 <unknown>\n#7 0x55756d514d63 <unknown>\n#8 0x55756d4e97e3 <unknown>\n#9 0x55756d4eaa21 <unknown>\n#10 0x55756d70218e <unknown>\n#11 0x55756d705622 <unknown>\n#12 0x55756d6e8aae <unknown>\n#13 0x55756d7062a3 <unknown>\n#14 0x55756d6dcecf <unknown>\n#15 0x55756d726588 <unknown>\n#16 0x55756d726706 <unknown>\n#17 0x55756d7408b2 <unknown>\n#18 0x7fa46ceb2609 <unknown>\n\n","statusTrace":"  File \"/home/runner/.local/lib/python3.8/site-packages/behave/model.py\", line 1329, in run\n    match.run(runner.context)\n  File \"/home/runner/.local/lib/python3.8/site-packages/behave/matchers.py\", line 98, in run\n    self.func(context, *args, **kwargs)\n  File \"steps/login_steps.py\", line 27, in step_impl\n    log_out = context.driver.find_element(By.XPATH, log_out_xpath)\n  File \"/home/runner/.local/lib/python3.8/site-packages/selenium/webdriver/remote/webdriver.py\", line 856, in find_element\n    return self.execute(Command.FIND_ELEMENT, {\n  File \"/home/runner/.local/lib/python3.8/site-packages/selenium/webdriver/remote/webdriver.py\", line 429, in execute\n    self.error_handler.check_response(response)\n  File \"/home/runner/.local/lib/python3.8/site-packages/selenium/webdriver/remote/errorhandler.py\", line 243, in check_response\n    raise exception_class(message, screen, stacktrace)\n","steps":[{"name":"Given User is on the Home page","time":{"start":1667414029205,"stop":1667414039574,"duration":10369},"status":"broken","statusMessage":"selenium.common.exceptions.NoSuchElementException: Message: no such element: Unable to locate element: {\"method\":\"xpath\",\"selector\":\"/html/body/div/div[1]/div/nav/ul/li[4]/div/ul/li[6]/a\"}\n  (Session info: headless chrome=106.0.5249.119)\nStacktrace:\n#0 0x55756d6b42c3 <unknown>\n#1 0x55756d4bd83a <unknown>\n#2 0x55756d4f6985 <unknown>\n#3 0x55756d4f6b61 <unknown>\n#4 0x55756d52ed14 <unknown>\n#5 0x55756d514f6d <unknown>\n#6 0x55756d52ca50 <unknown>\n#7 0x55756d514d63 <unknown>\n#8 0x55756d4e97e3 <unknown>\n#9 0x55756d4eaa21 <unknown>\n#10 0x55756d70218e <unknown>\n#11 0x55756d705622 <unknown>\n#12 0x55756d6e8aae <unknown>\n#13 0x55756d7062a3 <unknown>\n#14 0x55756d6dcecf <unknown>\n#15 0x55756d726588 <unknown>\n#16 0x55756d726706 <unknown>\n#17 0x55756d7408b2 <unknown>\n#18 0x7fa46ceb2609 <unknown>\n\n","statusTrace":"  File \"/home/runner/.local/lib/python3.8/site-packages/behave/model.py\", line 1329, in run\n    match.run(runner.context)\n  File \"/home/runner/.local/lib/python3.8/site-packages/behave/matchers.py\", line 98, in run\n    self.func(context, *args, **kwargs)\n  File \"steps/login_steps.py\", line 27, in step_impl\n    log_out = context.driver.find_element(By.XPATH, log_out_xpath)\n  File \"/home/runner/.local/lib/python3.8/site-packages/selenium/webdriver/remote/webdriver.py\", line 856, in find_element\n    return self.execute(Command.FIND_ELEMENT, {\n  File \"/home/runner/.local/lib/python3.8/site-packages/selenium/webdriver/remote/webdriver.py\", line 429, in execute\n    self.error_handler.check_response(response)\n  File \"/home/runner/.local/lib/python3.8/site-packages/selenium/webdriver/remote/errorhandler.py\", line 243, in check_response\n    raise exception_class(message, screen, stacktrace)\n","steps":[],"attachments":[],"parameters":[],"stepsCount":0,"attachmentsCount":0,"shouldDisplayMessage":true,"hasContent":true},{"name":"When User clicks Log In","time":{"start":1667414039575,"stop":1667414039575,"duration":0},"status":"skipped","steps":[],"attachments":[],"parameters":[],"stepsCount":0,"attachmentsCount":0,"shouldDisplayMessage":false,"hasContent":false},{"name":"Then Log in dialog pops up","time":{"start":1667414039575,"stop":1667414039575,"duration":0},"status":"skipped","steps":[],"attachments":[],"parameters":[],"stepsCount":0,"attachmentsCount":0,"shouldDisplayMessage":false,"hasContent":false},{"name":"When User enters username: technical_assignment","time":{"start":1667414039575,"stop":1667414039575,"duration":0},"status":"skipped","steps":[],"attachments":[],"parameters":[],"stepsCount":0,"attachmentsCount":0,"shouldDisplayMessage":false,"hasContent":false},{"name":"When User enters password: uhqom-duqmum-tepXe7","time":{"start":1667414039575,"stop":1667414039575,"duration":0},"status":"skipped","steps":[],"attachments":[],"parameters":[],"stepsCount":0,"attachmentsCount":0,"shouldDisplayMessage":false,"hasContent":false},{"name":"When User clicks Log in button","time":{"start":1667414039575,"stop":1667414039575,"duration":0},"status":"skipped","steps":[],"attachments":[],"parameters":[],"stepsCount":0,"attachmentsCount":0,"shouldDisplayMessage":false,"hasContent":false},{"name":"Then User is logged in","time":{"start":1667414039575,"stop":1667414039575,"duration":0},"status":"skipped","steps":[],"attachments":[],"parameters":[],"stepsCount":0,"attachmentsCount":0,"shouldDisplayMessage":false,"hasContent":false}],"attachments":[],"parameters":[],"stepsCount":7,"attachmentsCount":0,"shouldDisplayMessage":false,"hasContent":true},"afterStages":[],"labels":[{"name":"severity","value":"normal"},{"name":"feature","value":"Login"},{"name":"framework","value":"behave"},{"name":"language","value":"cpython3"},{"name":"resultFormat","value":"allure2"}],"parameters":[{"name":"password","value":"uhqom-duqmum-tepXe7"},{"name":"username","value":"technical_assignment"}],"links":[],"hidden":false,"retry":false,"extra":{"severity":"normal","retries":[],"categories":[{"name":"Test defects","matchedStatuses":[],"flaky":false}],"history":{"statistic":{"failed":0,"broken":4,"skipped":0,"passed":2,"unknown":0,"total":6},"items":[{"uid":"7e2a8941240c9106","reportUrl":"https://timjden.github.io/cinc_assignment/27//#testresult/7e2a8941240c9106","status":"broken","statusDetails":"selenium.common.exceptions.NoSuchElementException: Message: no such element: Unable to locate element: {\"method\":\"xpath\",\"selector\":\"/html/body/div/div[1]/div/nav/ul/li[4]/div/ul/li[6]/a\"}\n  (Session info: headless chrome=106.0.5249.119)\nStacktrace:\n#0 0x55b8883b62c3 <unknown>\n#1 0x55b8881bf83a <unknown>\n#2 0x55b8881f8985 <unknown>\n#3 0x55b8881f8b61 <unknown>\n#4 0x55b888230d14 <unknown>\n#5 0x55b888216f6d <unknown>\n#6 0x55b88822ea50 <unknown>\n#7 0x55b888216d63 <unknown>\n#8 0x55b8881eb7e3 <unknown>\n#9 0x55b8881eca21 <unknown>\n#10 0x55b88840418e <unknown>\n#11 0x55b888407622 <unknown>\n#12 0x55b8883eaaae <unknown>\n#13 0x55b8884082a3 <unknown>\n#14 0x55b8883deecf <unknown>\n#15 0x55b888428588 <unknown>\n#16 0x55b888428706 <unknown>\n#17 0x55b8884428b2 <unknown>\n#18 0x7ff9e8e8f609 <unknown>\n\n","time":{"start":1667413870841,"stop":1667413881209,"duration":10368}},{"uid":"5630b56e0f040ceb","reportUrl":"https://timjden.github.io/cinc_assignment/26//#testresult/5630b56e0f040ceb","status":"passed","time":{"start":1667413686392,"stop":1667413698250,"duration":11858}},{"uid":"f56198b213f587ab","reportUrl":"https://timjden.github.io/cinc_assignment/25//#testresult/f56198b213f587ab","status":"broken","statusDetails":"selenium.common.exceptions.NoSuchElementException: Message: no such element: Unable to locate element: {\"method\":\"xpath\",\"selector\":\"/html/body/div/div[1]/div/nav/ul/li[4]/div/ul/li[6]/a\"}\n  (Session info: headless chrome=106.0.5249.119)\nStacktrace:\n#0 0x55e01270a2c3 <unknown>\n#1 0x55e01251383a <unknown>\n#2 0x55e01254c985 <unknown>\n#3 0x55e01254cb61 <unknown>\n#4 0x55e012584d14 <unknown>\n#5 0x55e01256af6d <unknown>\n#6 0x55e012582a50 <unknown>\n#7 0x55e01256ad63 <unknown>\n#8 0x55e01253f7e3 <unknown>\n#9 0x55e012540a21 <unknown>\n#10 0x55e01275818e <unknown>\n#11 0x55e01275b622 <unknown>\n#12 0x55e01273eaae <unknown>\n#13 0x55e01275c2a3 <unknown>\n#14 0x55e012732ecf <unknown>\n#15 0x55e01277c588 <unknown>\n#16 0x55e01277c706 <unknown>\n#17 0x55e0127968b2 <unknown>\n#18 0x7f07ef7f3609 <unknown>\n\n","time":{"start":1667413441283,"stop":1667413451625,"duration":10342}},{"uid":"4da4f61417065692","reportUrl":"https://timjden.github.io/cinc_assignment/24//#testresult/4da4f61417065692","status":"passed","time":{"start":1667412802784,"stop":1667412815768,"duration":12984}},{"uid":"69424292e49dee56","reportUrl":"https://timjden.github.io/cinc_assignment/23//#testresult/69424292e49dee56","status":"broken","statusDetails":"selenium.common.exceptions.NoSuchElementException: Message: no such element: Unable to locate element: {\"method\":\"xpath\",\"selector\":\"/html/body/div/div[1]/div/nav/ul/li[4]/div/ul/li[6]/a\"}\n  (Session info: headless chrome=106.0.5249.119)\nStacktrace:\n#0 0x5566378172c3 <unknown>\n#1 0x55663762083a <unknown>\n#2 0x556637659985 <unknown>\n#3 0x556637659b61 <unknown>\n#4 0x556637691d14 <unknown>\n#5 0x556637677f6d <unknown>\n#6 0x55663768fa50 <unknown>\n#7 0x556637677d63 <unknown>\n#8 0x55663764c7e3 <unknown>\n#9 0x55663764da21 <unknown>\n#10 0x55663786518e <unknown>\n#11 0x556637868622 <unknown>\n#12 0x55663784baae <unknown>\n#13 0x5566378692a3 <unknown>\n#14 0x55663783fecf <unknown>\n#15 0x556637889588 <unknown>\n#16 0x556637889706 <unknown>\n#17 0x5566378a38b2 <unknown>\n#18 0x7f93c8083609 <unknown>\n\n","time":{"start":1667412572023,"stop":1667412582321,"duration":10298}}]},"tags":[]},"source":"874dccdc73838559.json","parameterValues":["uhqom-duqmum-tepXe7","technical_assignment"]}