{"uid":"4b4757e66a1912dae1a509f688f20b0f","children":[{"name":"Product defects","children":[{"name":"AssertionError: FAILED SUB-STEP: Given User is on the Home page\nSubstep info: Traceback (most recent call last):\n  File \"steps/login_steps.py\", line 18, in step_impl\n    wait_for_element_visibility(context, page_title_xpath)\n  File \"/home/runner/work/cinc_assignment/cinc_assignment/features/utils.py\", line 5, in wait_for_element_visibility\n    context.wait.until(expected_conditions.visibility_of_element_located((By.XPATH, element_xpath)))\n  File \"/home/runner/.local/lib/python3.8/site-packages/selenium/webdriver/support/wait.py\", line 90, in until\n    raise TimeoutException(message, screen, stacktrace)\nselenium.common.exceptions.TimeoutException: Message: \nStacktrace:\n#0 0x5566378172c3 <unknown>\n#1 0x55663762083a <unknown>\n#2 0x556637659985 <unknown>\n#3 0x556637659b61 <unknown>\n#4 0x556637691d14 <unknown>\n#5 0x556637677f6d <unknown>\n#6 0x55663768fa50 <unknown>\n#7 0x556637677d63 <unknown>\n#8 0x55663764c7e3 <unknown>\n#9 0x55663764da21 <unknown>\n#10 0x55663786518e <unknown>\n#11 0x556637868622 <unknown>\n#12 0x55663784baae <unknown>\n#13 0x5566378692a3 <unknown>\n#14 0x55663783fecf <unknown>\n#15 0x556637889588 <unknown>\n#16 0x556637889706 <unknown>\n#17 0x5566378a38b2 <unknown>\n#18 0x7f93c8083609 <unknown>\n\n\nDuring handling of the above exception, another exception occurred:\n\nTraceback (most recent call last):\n  File \"/home/runner/.local/lib/python3.8/site-packages/behave/model.py\", line 1329, in run\n    match.run(runner.context)\n  File \"/home/runner/.local/lib/python3.8/site-packages/behave/matchers.py\", line 98, in run\n    self.func(context, *args, **kwargs)\n  File \"steps/login_steps.py\", line 27, in step_impl\n    log_out = context.driver.find_element(By.XPATH, log_out_xpath)\n  File \"/home/runner/.local/lib/python3.8/site-packages/selenium/webdriver/remote/webdriver.py\", line 856, in find_element\n    return self.execute(Command.FIND_ELEMENT, {\n  File \"/home/runner/.local/lib/python3.8/site-packages/selenium/webdriver/remote/webdriver.py\", line 429, in execute\n    self.error_handler.check_response(response)\n  File \"/home/runner/.local/lib/python3.8/site-packages/selenium/webdriver/remote/errorhandler.py\", line 243, in check_response\n    raise exception_class(message, screen, stacktrace)\nselenium.common.exceptions.NoSuchElementException: Message: no such element: Unable to locate element: {\"method\":\"xpath\",\"selector\":\"/html/body/div/div[1]/div/nav/ul/li[4]/div/ul/li[6]/a\"}\n  (Session info: headless chrome=106.0.5249.119)\nStacktrace:\n#0 0x5566378172c3 <unknown>\n#1 0x55663762083a <unknown>\n#2 0x556637659985 <unknown>\n#3 0x556637659b61 <unknown>\n#4 0x556637691d14 <unknown>\n#5 0x556637677f6d <unknown>\n#6 0x55663768fa50 <unknown>\n#7 0x556637677d63 <unknown>\n#8 0x55663764c7e3 <unknown>\n#9 0x55663764da21 <unknown>\n#10 0x55663786518e <unknown>\n#11 0x556637868622 <unknown>\n#12 0x55663784baae <unknown>\n#13 0x5566378692a3 <unknown>\n#14 0x55663783fecf <unknown>\n#15 0x556637889588 <unknown>\n#16 0x556637889706 <unknown>\n#17 0x5566378a38b2 <unknown>\n#18 0x7f93c8083609 <unknown>\n\n\nTraceback (of failed substep):\n  File \"/home/runner/.local/lib/python3.8/site-packages/behave/model.py\", line 1329, in run\n    match.run(runner.context)\n  File \"/home/runner/.local/lib/python3.8/site-packages/behave/matchers.py\", line 98, in run\n    self.func(context, *args, **kwargs)\n  File \"steps/login_steps.py\", line 27, in step_impl\n    log_out = context.driver.find_element(By.XPATH, log_out_xpath)\n  File \"/home/runner/.local/lib/python3.8/site-packages/selenium/webdriver/remote/webdriver.py\", line 856, in find_element\n    return self.execute(Command.FIND_ELEMENT, {\n  File \"/home/runner/.local/lib/python3.8/site-packages/selenium/webdriver/remote/webdriver.py\", line 429, in execute\n    self.error_handler.check_response(response)\n  File \"/home/runner/.local/lib/python3.8/site-packages/selenium/webdriver/remote/errorhandler.py\", line 243, in check_response\n    raise exception_class(message, screen, stacktrace)\n\n","children":[{"name":"Add a Recipe to a Collection -- @1.1 ","uid":"532c3c2e9bcedda9","parentUid":"5849d9b0efd778cdf19d6a8a363f1048","status":"failed","time":{"start":1667412548599,"stop":1667412558911,"duration":10312},"flaky":false,"newFailed":false,"newPassed":false,"newBroken":false,"retriesCount":0,"retriesStatusChange":false,"parameters":["uhqom-duqmum-tepXe7","Test Collection","technical_assignment"]}],"uid":"5849d9b0efd778cdf19d6a8a363f1048"},{"name":"AssertionError\n","children":[{"name":"User can add a Collection with the same name as a deleted Collection -- @1.1 ","uid":"d9d6c18078018573","parentUid":"a730cf0b0a23aabea6d11aa0391c8a76","status":"failed","time":{"start":1667412558912,"stop":1667412572022,"duration":13110},"flaky":false,"newFailed":false,"newPassed":false,"newBroken":false,"retriesCount":0,"retriesStatusChange":false,"parameters":["You already have a collection with that title.","uhqom-duqmum-tepXe7","Test Collection","technical_assignment"]}],"uid":"a730cf0b0a23aabea6d11aa0391c8a76"}],"uid":"8fb3a91ba5aaf9de24cc8a92edc82b5d"},{"name":"Test defects","children":[{"name":"selenium.common.exceptions.NoSuchElementException: Message: no such element: Unable to locate element: {\"method\":\"xpath\",\"selector\":\"/html/body/div/div[1]/div/nav/ul/li[4]/div/ul/li[6]/a\"}\n  (Session info: headless chrome=106.0.5249.119)\nStacktrace:\n#0 0x5566378172c3 <unknown>\n#1 0x55663762083a <unknown>\n#2 0x556637659985 <unknown>\n#3 0x556637659b61 <unknown>\n#4 0x556637691d14 <unknown>\n#5 0x556637677f6d <unknown>\n#6 0x55663768fa50 <unknown>\n#7 0x556637677d63 <unknown>\n#8 0x55663764c7e3 <unknown>\n#9 0x55663764da21 <unknown>\n#10 0x55663786518e <unknown>\n#11 0x556637868622 <unknown>\n#12 0x55663784baae <unknown>\n#13 0x5566378692a3 <unknown>\n#14 0x55663783fecf <unknown>\n#15 0x556637889588 <unknown>\n#16 0x556637889706 <unknown>\n#17 0x5566378a38b2 <unknown>\n#18 0x7f93c8083609 <unknown>\n\n","children":[{"name":"Login -- @1.1 ","uid":"69424292e49dee56","parentUid":"ddc40d5a160665e47dc8c0645f385a12","status":"broken","time":{"start":1667412572023,"stop":1667412582321,"duration":10298},"flaky":false,"newFailed":false,"newPassed":false,"newBroken":false,"retriesCount":0,"retriesStatusChange":false,"parameters":["uhqom-duqmum-tepXe7","technical_assignment"]}],"uid":"ddc40d5a160665e47dc8c0645f385a12"}],"uid":"bdbf199525818fae7a8651db9eafe741"}],"name":"categories"}