{"uid":"69424292e49dee56","name":"Login -- @1.1 ","fullName":"Login: Login","historyId":"008ee9d2b6280a68e13bf0acd583d8ff","time":{"start":1667412572023,"stop":1667412582321,"duration":10298},"status":"broken","statusMessage":"selenium.common.exceptions.NoSuchElementException: Message: no such element: Unable to locate element: {\"method\":\"xpath\",\"selector\":\"/html/body/div/div[1]/div/nav/ul/li[4]/div/ul/li[6]/a\"}\n  (Session info: headless chrome=106.0.5249.119)\nStacktrace:\n#0 0x5566378172c3 <unknown>\n#1 0x55663762083a <unknown>\n#2 0x556637659985 <unknown>\n#3 0x556637659b61 <unknown>\n#4 0x556637691d14 <unknown>\n#5 0x556637677f6d <unknown>\n#6 0x55663768fa50 <unknown>\n#7 0x556637677d63 <unknown>\n#8 0x55663764c7e3 <unknown>\n#9 0x55663764da21 <unknown>\n#10 0x55663786518e <unknown>\n#11 0x556637868622 <unknown>\n#12 0x55663784baae <unknown>\n#13 0x5566378692a3 <unknown>\n#14 0x55663783fecf <unknown>\n#15 0x556637889588 <unknown>\n#16 0x556637889706 <unknown>\n#17 0x5566378a38b2 <unknown>\n#18 0x7f93c8083609 <unknown>\n\n","statusTrace":"  File \"/home/runner/.local/lib/python3.8/site-packages/behave/model.py\", line 1329, in run\n    match.run(runner.context)\n  File \"/home/runner/.local/lib/python3.8/site-packages/behave/matchers.py\", line 98, in run\n    self.func(context, *args, **kwargs)\n  File \"steps/login_steps.py\", line 27, in step_impl\n    log_out = context.driver.find_element(By.XPATH, log_out_xpath)\n  File \"/home/runner/.local/lib/python3.8/site-packages/selenium/webdriver/remote/webdriver.py\", line 856, in find_element\n    return self.execute(Command.FIND_ELEMENT, {\n  File \"/home/runner/.local/lib/python3.8/site-packages/selenium/webdriver/remote/webdriver.py\", line 429, in execute\n    self.error_handler.check_response(response)\n  File \"/home/runner/.local/lib/python3.8/site-packages/selenium/webdriver/remote/errorhandler.py\", line 243, in check_response\n    raise exception_class(message, screen, stacktrace)\n","flaky":false,"newFailed":false,"newBroken":false,"newPassed":false,"retriesCount":0,"retriesStatusChange":false,"beforeStages":[],"testStage":{"status":"broken","statusMessage":"selenium.common.exceptions.NoSuchElementException: Message: no such element: Unable to locate element: {\"method\":\"xpath\",\"selector\":\"/html/body/div/div[1]/div/nav/ul/li[4]/div/ul/li[6]/a\"}\n  (Session info: headless chrome=106.0.5249.119)\nStacktrace:\n#0 0x5566378172c3 <unknown>\n#1 0x55663762083a <unknown>\n#2 0x556637659985 <unknown>\n#3 0x556637659b61 <unknown>\n#4 0x556637691d14 <unknown>\n#5 0x556637677f6d <unknown>\n#6 0x55663768fa50 <unknown>\n#7 0x556637677d63 <unknown>\n#8 0x55663764c7e3 <unknown>\n#9 0x55663764da21 <unknown>\n#10 0x55663786518e <unknown>\n#11 0x556637868622 <unknown>\n#12 0x55663784baae <unknown>\n#13 0x5566378692a3 <unknown>\n#14 0x55663783fecf <unknown>\n#15 0x556637889588 <unknown>\n#16 0x556637889706 <unknown>\n#17 0x5566378a38b2 <unknown>\n#18 0x7f93c8083609 <unknown>\n\n","statusTrace":"  File \"/home/runner/.local/lib/python3.8/site-packages/behave/model.py\", line 1329, in run\n    match.run(runner.context)\n  File \"/home/runner/.local/lib/python3.8/site-packages/behave/matchers.py\", line 98, in run\n    self.func(context, *args, **kwargs)\n  File \"steps/login_steps.py\", line 27, in step_impl\n    log_out = context.driver.find_element(By.XPATH, log_out_xpath)\n  File \"/home/runner/.local/lib/python3.8/site-packages/selenium/webdriver/remote/webdriver.py\", line 856, in find_element\n    return self.execute(Command.FIND_ELEMENT, {\n  File \"/home/runner/.local/lib/python3.8/site-packages/selenium/webdriver/remote/webdriver.py\", line 429, in execute\n    self.error_handler.check_response(response)\n  File \"/home/runner/.local/lib/python3.8/site-packages/selenium/webdriver/remote/errorhandler.py\", line 243, in check_response\n    raise exception_class(message, screen, stacktrace)\n","steps":[{"name":"Given User is on the Home page","time":{"start":1667412572023,"stop":1667412582320,"duration":10297},"status":"broken","statusMessage":"selenium.common.exceptions.NoSuchElementException: Message: no such element: Unable to locate element: {\"method\":\"xpath\",\"selector\":\"/html/body/div/div[1]/div/nav/ul/li[4]/div/ul/li[6]/a\"}\n  (Session info: headless chrome=106.0.5249.119)\nStacktrace:\n#0 0x5566378172c3 <unknown>\n#1 0x55663762083a <unknown>\n#2 0x556637659985 <unknown>\n#3 0x556637659b61 <unknown>\n#4 0x556637691d14 <unknown>\n#5 0x556637677f6d <unknown>\n#6 0x55663768fa50 <unknown>\n#7 0x556637677d63 <unknown>\n#8 0x55663764c7e3 <unknown>\n#9 0x55663764da21 <unknown>\n#10 0x55663786518e <unknown>\n#11 0x556637868622 <unknown>\n#12 0x55663784baae <unknown>\n#13 0x5566378692a3 <unknown>\n#14 0x55663783fecf <unknown>\n#15 0x556637889588 <unknown>\n#16 0x556637889706 <unknown>\n#17 0x5566378a38b2 <unknown>\n#18 0x7f93c8083609 <unknown>\n\n","statusTrace":"  File \"/home/runner/.local/lib/python3.8/site-packages/behave/model.py\", line 1329, in run\n    match.run(runner.context)\n  File \"/home/runner/.local/lib/python3.8/site-packages/behave/matchers.py\", line 98, in run\n    self.func(context, *args, **kwargs)\n  File \"steps/login_steps.py\", line 27, in step_impl\n    log_out = context.driver.find_element(By.XPATH, log_out_xpath)\n  File \"/home/runner/.local/lib/python3.8/site-packages/selenium/webdriver/remote/webdriver.py\", line 856, in find_element\n    return self.execute(Command.FIND_ELEMENT, {\n  File \"/home/runner/.local/lib/python3.8/site-packages/selenium/webdriver/remote/webdriver.py\", line 429, in execute\n    self.error_handler.check_response(response)\n  File \"/home/runner/.local/lib/python3.8/site-packages/selenium/webdriver/remote/errorhandler.py\", line 243, in check_response\n    raise exception_class(message, screen, stacktrace)\n","steps":[],"attachments":[],"parameters":[],"stepsCount":0,"attachmentsCount":0,"shouldDisplayMessage":true,"hasContent":true},{"name":"When User clicks Log In","time":{"start":1667412582320,"stop":1667412582320,"duration":0},"status":"skipped","steps":[],"attachments":[],"parameters":[],"stepsCount":0,"attachmentsCount":0,"shouldDisplayMessage":false,"hasContent":false},{"name":"Then Log in dialog pops up","time":{"start":1667412582320,"stop":1667412582320,"duration":0},"status":"skipped","steps":[],"attachments":[],"parameters":[],"stepsCount":0,"attachmentsCount":0,"shouldDisplayMessage":false,"hasContent":false},{"name":"When User enters username: technical_assignment","time":{"start":1667412582320,"stop":1667412582320,"duration":0},"status":"skipped","steps":[],"attachments":[],"parameters":[],"stepsCount":0,"attachmentsCount":0,"shouldDisplayMessage":false,"hasContent":false},{"name":"When User enters password: uhqom-duqmum-tepXe7","time":{"start":1667412582320,"stop":1667412582320,"duration":0},"status":"skipped","steps":[],"attachments":[],"parameters":[],"stepsCount":0,"attachmentsCount":0,"shouldDisplayMessage":false,"hasContent":false},{"name":"When User clicks Log in button","time":{"start":1667412582321,"stop":1667412582321,"duration":0},"status":"skipped","steps":[],"attachments":[],"parameters":[],"stepsCount":0,"attachmentsCount":0,"shouldDisplayMessage":false,"hasContent":false},{"name":"Then User is logged in","time":{"start":1667412582321,"stop":1667412582321,"duration":0},"status":"skipped","steps":[],"attachments":[],"parameters":[],"stepsCount":0,"attachmentsCount":0,"shouldDisplayMessage":false,"hasContent":false}],"attachments":[],"parameters":[],"stepsCount":7,"attachmentsCount":0,"shouldDisplayMessage":false,"hasContent":true},"afterStages":[],"labels":[{"name":"severity","value":"normal"},{"name":"feature","value":"Login"},{"name":"framework","value":"behave"},{"name":"language","value":"cpython3"},{"name":"resultFormat","value":"allure2"}],"parameters":[{"name":"password","value":"uhqom-duqmum-tepXe7"},{"name":"username","value":"technical_assignment"}],"links":[],"hidden":false,"retry":false,"extra":{"severity":"normal","retries":[],"categories":[{"name":"Test defects","matchedStatuses":[],"flaky":false}],"tags":[]},"source":"69424292e49dee56.json","parameterValues":["uhqom-duqmum-tepXe7","technical_assignment"]}