{"uid":"13e6ea073fed87e7","name":"Add a Collection -- @1.1 ","fullName":"Collections: Add a Collection","historyId":"f6a5c6c7991a80969fdbcfb3958349c2","time":{"start":1667412758108,"stop":1667412771913,"duration":13805},"status":"broken","statusMessage":"selenium.common.exceptions.TimeoutException: Message: \nStacktrace:\n#0 0x555ce63ac2c3 <unknown>\n#1 0x555ce61b583a <unknown>\n#2 0x555ce61ee985 <unknown>\n#3 0x555ce61eeb61 <unknown>\n#4 0x555ce6226d14 <unknown>\n#5 0x555ce620cf6d <unknown>\n#6 0x555ce6224a50 <unknown>\n#7 0x555ce620cd63 <unknown>\n#8 0x555ce61e17e3 <unknown>\n#9 0x555ce61e2a21 <unknown>\n#10 0x555ce63fa18e <unknown>\n#11 0x555ce63fd622 <unknown>\n#12 0x555ce63e0aae <unknown>\n#13 0x555ce63fe2a3 <unknown>\n#14 0x555ce63d4ecf <unknown>\n#15 0x555ce641e588 <unknown>\n#16 0x555ce641e706 <unknown>\n#17 0x555ce64388b2 <unknown>\n#18 0x7fb34a4dc609 <unknown>\n\n","statusTrace":"  File \"/home/runner/.local/lib/python3.8/site-packages/behave/model.py\", line 1329, in run\n    match.run(runner.context)\n  File \"/home/runner/.local/lib/python3.8/site-packages/behave/matchers.py\", line 98, in run\n    self.func(context, *args, **kwargs)\n  File \"steps/collection_steps.py\", line 69, in step_impl\n    wait_for_element_visibility(context, collection_xpath)\n  File \"/home/runner/work/cinc_assignment/cinc_assignment/features/utils.py\", line 5, in wait_for_element_visibility\n    context.wait.until(expected_conditions.visibility_of_element_located((By.XPATH, element_xpath)))\n  File \"/home/runner/.local/lib/python3.8/site-packages/selenium/webdriver/support/wait.py\", line 90, in until\n    raise TimeoutException(message, screen, stacktrace)\n","flaky":false,"newFailed":false,"newBroken":true,"newPassed":false,"retriesCount":0,"retriesStatusChange":false,"beforeStages":[],"testStage":{"status":"broken","statusMessage":"selenium.common.exceptions.TimeoutException: Message: \nStacktrace:\n#0 0x555ce63ac2c3 <unknown>\n#1 0x555ce61b583a <unknown>\n#2 0x555ce61ee985 <unknown>\n#3 0x555ce61eeb61 <unknown>\n#4 0x555ce6226d14 <unknown>\n#5 0x555ce620cf6d <unknown>\n#6 0x555ce6224a50 <unknown>\n#7 0x555ce620cd63 <unknown>\n#8 0x555ce61e17e3 <unknown>\n#9 0x555ce61e2a21 <unknown>\n#10 0x555ce63fa18e <unknown>\n#11 0x555ce63fd622 <unknown>\n#12 0x555ce63e0aae <unknown>\n#13 0x555ce63fe2a3 <unknown>\n#14 0x555ce63d4ecf <unknown>\n#15 0x555ce641e588 <unknown>\n#16 0x555ce641e706 <unknown>\n#17 0x555ce64388b2 <unknown>\n#18 0x7fb34a4dc609 <unknown>\n\n","statusTrace":"  File \"/home/runner/.local/lib/python3.8/site-packages/behave/model.py\", line 1329, in run\n    match.run(runner.context)\n  File \"/home/runner/.local/lib/python3.8/site-packages/behave/matchers.py\", line 98, in run\n    self.func(context, *args, **kwargs)\n  File \"steps/collection_steps.py\", line 69, in step_impl\n    wait_for_element_visibility(context, collection_xpath)\n  File \"/home/runner/work/cinc_assignment/cinc_assignment/features/utils.py\", line 5, in wait_for_element_visibility\n    context.wait.until(expected_conditions.visibility_of_element_located((By.XPATH, element_xpath)))\n  File \"/home/runner/.local/lib/python3.8/site-packages/selenium/webdriver/support/wait.py\", line 90, in until\n    raise TimeoutException(message, screen, stacktrace)\n","steps":[{"name":"Given User is logged in as username: technical_assignment, password: uhqom-duqmum-tepXe7","time":{"start":1667412758109,"stop":1667412760888,"duration":2779},"status":"passed","steps":[],"attachments":[],"parameters":[],"stepsCount":0,"attachmentsCount":0,"shouldDisplayMessage":false,"hasContent":false},{"name":"Given User is on the Dashboard page","time":{"start":1667412760888,"stop":1667412760918,"duration":30},"status":"passed","steps":[],"attachments":[],"parameters":[],"stepsCount":0,"attachmentsCount":0,"shouldDisplayMessage":false,"hasContent":false},{"name":"When User clicks Collections tab","time":{"start":1667412760918,"stop":1667412760982,"duration":64},"status":"passed","steps":[],"attachments":[],"parameters":[],"stepsCount":0,"attachmentsCount":0,"shouldDisplayMessage":false,"hasContent":false},{"name":"When User adds a new Collection","time":{"start":1667412760982,"stop":1667412761037,"duration":55},"status":"passed","steps":[],"attachments":[],"parameters":[],"stepsCount":0,"attachmentsCount":0,"shouldDisplayMessage":false,"hasContent":false},{"name":"When User enters a title: Test Collection","time":{"start":1667412761038,"stop":1667412761649,"duration":611},"status":"passed","steps":[],"attachments":[],"parameters":[],"stepsCount":0,"attachmentsCount":0,"shouldDisplayMessage":false,"hasContent":false},{"name":"When User clicks Save","time":{"start":1667412761650,"stop":1667412761703,"duration":53},"status":"passed","steps":[],"attachments":[],"parameters":[],"stepsCount":0,"attachmentsCount":0,"shouldDisplayMessage":false,"hasContent":false},{"name":"Then A new Collection is added","time":{"start":1667412761703,"stop":1667412771913,"duration":10210},"status":"broken","statusMessage":"selenium.common.exceptions.TimeoutException: Message: \nStacktrace:\n#0 0x555ce63ac2c3 <unknown>\n#1 0x555ce61b583a <unknown>\n#2 0x555ce61ee985 <unknown>\n#3 0x555ce61eeb61 <unknown>\n#4 0x555ce6226d14 <unknown>\n#5 0x555ce620cf6d <unknown>\n#6 0x555ce6224a50 <unknown>\n#7 0x555ce620cd63 <unknown>\n#8 0x555ce61e17e3 <unknown>\n#9 0x555ce61e2a21 <unknown>\n#10 0x555ce63fa18e <unknown>\n#11 0x555ce63fd622 <unknown>\n#12 0x555ce63e0aae <unknown>\n#13 0x555ce63fe2a3 <unknown>\n#14 0x555ce63d4ecf <unknown>\n#15 0x555ce641e588 <unknown>\n#16 0x555ce641e706 <unknown>\n#17 0x555ce64388b2 <unknown>\n#18 0x7fb34a4dc609 <unknown>\n\n","statusTrace":"  File \"/home/runner/.local/lib/python3.8/site-packages/behave/model.py\", line 1329, in run\n    match.run(runner.context)\n  File \"/home/runner/.local/lib/python3.8/site-packages/behave/matchers.py\", line 98, in run\n    self.func(context, *args, **kwargs)\n  File \"steps/collection_steps.py\", line 69, in step_impl\n    wait_for_element_visibility(context, collection_xpath)\n  File \"/home/runner/work/cinc_assignment/cinc_assignment/features/utils.py\", line 5, in wait_for_element_visibility\n    context.wait.until(expected_conditions.visibility_of_element_located((By.XPATH, element_xpath)))\n  File \"/home/runner/.local/lib/python3.8/site-packages/selenium/webdriver/support/wait.py\", line 90, in until\n    raise TimeoutException(message, screen, stacktrace)\n","steps":[],"attachments":[],"parameters":[],"stepsCount":0,"attachmentsCount":0,"shouldDisplayMessage":true,"hasContent":true},{"name":"Then Delete the Collection","time":{"start":1667412771913,"stop":1667412771913,"duration":0},"status":"skipped","steps":[],"attachments":[],"parameters":[],"stepsCount":0,"attachmentsCount":0,"shouldDisplayMessage":false,"hasContent":false}],"attachments":[],"parameters":[],"stepsCount":8,"attachmentsCount":0,"shouldDisplayMessage":false,"hasContent":true},"afterStages":[],"labels":[{"name":"severity","value":"normal"},{"name":"feature","value":"Collections"},{"name":"framework","value":"behave"},{"name":"language","value":"cpython3"},{"name":"resultFormat","value":"allure2"}],"parameters":[{"name":"password","value":"uhqom-duqmum-tepXe7"},{"name":"title","value":"Test Collection"},{"name":"username","value":"technical_assignment"}],"links":[],"hidden":false,"retry":false,"extra":{"severity":"normal","retries":[],"categories":[{"name":"Test defects","matchedStatuses":[],"flaky":false}],"history":{"statistic":{"failed":0,"broken":1,"skipped":0,"passed":1,"unknown":0,"total":2},"items":[{"uid":"1def942ab23243ef","reportUrl":"https://timjden.github.io/cinc_assignment/23//#testresult/1def942ab23243ef","status":"passed","time":{"start":1667412543528,"stop":1667412548598,"duration":5070}}]},"tags":[]},"source":"13e6ea073fed87e7.json","parameterValues":["uhqom-duqmum-tepXe7","Test Collection","technical_assignment"]}