{"uid":"4b4757e66a1912dae1a509f688f20b0f","children":[{"name":"Product defects","children":[{"name":"AssertionError: FAILED SUB-STEP: Given User is on the Home page\nSubstep info: Traceback (most recent call last):\n  File \"steps/login_steps.py\", line 17, in step_impl\n    wait_for_element_visibility(context, page_title_xpath)\n  File \"/home/runner/work/cinc_assignment/cinc_assignment/features/utils.py\", line 5, in wait_for_element_visibility\n    context.wait.until(expected_conditions.visibility_of_element_located((By.XPATH, element_xpath)))\n  File \"/home/runner/.local/lib/python3.8/site-packages/selenium/webdriver/support/wait.py\", line 90, in until\n    raise TimeoutException(message, screen, stacktrace)\nselenium.common.exceptions.TimeoutException: Message: \nStacktrace:\n#0 0x558be34c7463 <unknown>\n#1 0x558be328b8d8 <unknown>\n#2 0x558be32c943a <unknown>\n#3 0x558be32c9651 <unknown>\n#4 0x558be33057a4 <unknown>\n#5 0x558be32ea64d <unknown>\n#6 0x558be330330f <unknown>\n#7 0x558be32ea443 <unknown>\n#8 0x558be32bb3c5 <unknown>\n#9 0x558be32bc531 <unknown>\n#10 0x558be3519dce <unknown>\n#11 0x558be351d192 <unknown>\n#12 0x558be34fe93e <unknown>\n#13 0x558be351e103 <unknown>\n#14 0x558be34f1d85 <unknown>\n#15 0x558be353f0a8 <unknown>\n#16 0x558be353f239 <unknown>\n#17 0x558be355a492 <unknown>\n#18 0x7f7cb393f609 start_thread\n\n\nDuring handling of the above exception, another exception occurred:\n\nTraceback (most recent call last):\n  File \"/home/runner/.local/lib/python3.8/site-packages/behave/model.py\", line 1329, in run\n    match.run(runner.context)\n  File \"/home/runner/.local/lib/python3.8/site-packages/behave/matchers.py\", line 98, in run\n    self.func(context, *args, **kwargs)\n  File \"steps/login_steps.py\", line 26, in step_impl\n    log_out = context.driver.find_element(By.XPATH, log_out_xpath)\n  File \"/home/runner/.local/lib/python3.8/site-packages/selenium/webdriver/remote/webdriver.py\", line 856, in find_element\n    return self.execute(Command.FIND_ELEMENT, {\n  File \"/home/runner/.local/lib/python3.8/site-packages/selenium/webdriver/remote/webdriver.py\", line 429, in execute\n    self.error_handler.check_response(response)\n  File \"/home/runner/.local/lib/python3.8/site-packages/selenium/webdriver/remote/errorhandler.py\", line 243, in check_response\n    raise exception_class(message, screen, stacktrace)\nselenium.common.exceptions.NoSuchElementException: Message: no such element: Unable to locate element: {\"method\":\"xpath\",\"selector\":\"/html/body/div/div[1]/div/nav/ul/li[4]/div/ul/li[6]/a\"}\n  (Session info: headless chrome=107.0.5304.87)\nStacktrace:\n#0 0x558be34c7463 <unknown>\n#1 0x558be328b8d8 <unknown>\n#2 0x558be32c943a <unknown>\n#3 0x558be32c9651 <unknown>\n#4 0x558be33057a4 <unknown>\n#5 0x558be32ea64d <unknown>\n#6 0x558be330330f <unknown>\n#7 0x558be32ea443 <unknown>\n#8 0x558be32bb3c5 <unknown>\n#9 0x558be32bc531 <unknown>\n#10 0x558be3519dce <unknown>\n#11 0x558be351d192 <unknown>\n#12 0x558be34fe93e <unknown>\n#13 0x558be351e103 <unknown>\n#14 0x558be34f1d85 <unknown>\n#15 0x558be353f0a8 <unknown>\n#16 0x558be353f239 <unknown>\n#17 0x558be355a492 <unknown>\n#18 0x7f7cb393f609 start_thread\n\n\nTraceback (of failed substep):\n  File \"/home/runner/.local/lib/python3.8/site-packages/behave/model.py\", line 1329, in run\n    match.run(runner.context)\n  File \"/home/runner/.local/lib/python3.8/site-packages/behave/matchers.py\", line 98, in run\n    self.func(context, *args, **kwargs)\n  File \"steps/login_steps.py\", line 26, in step_impl\n    log_out = context.driver.find_element(By.XPATH, log_out_xpath)\n  File \"/home/runner/.local/lib/python3.8/site-packages/selenium/webdriver/remote/webdriver.py\", line 856, in find_element\n    return self.execute(Command.FIND_ELEMENT, {\n  File \"/home/runner/.local/lib/python3.8/site-packages/selenium/webdriver/remote/webdriver.py\", line 429, in execute\n    self.error_handler.check_response(response)\n  File \"/home/runner/.local/lib/python3.8/site-packages/selenium/webdriver/remote/errorhandler.py\", line 243, in check_response\n    raise exception_class(message, screen, stacktrace)\n\n","children":[{"name":"User can add a Collection with the same name as a deleted Collection -- @1.1 ","uid":"ecc139ce33d4e532","parentUid":"d31acc14c5d1e4513937a5ade595717b","status":"failed","time":{"start":1667419956041,"stop":1667419966418,"duration":10377},"flaky":false,"newFailed":false,"newPassed":false,"newBroken":false,"retriesCount":0,"retriesStatusChange":false,"parameters":["You already have a collection with that title.","uhqom-duqmum-tepXe7","Test Collection","technical_assignment"]},{"name":"Recipe adjustment -- @1.1 ","uid":"f96c96d8518735f1","parentUid":"d31acc14c5d1e4513937a5ade595717b","status":"failed","time":{"start":1667419976791,"stop":1667419987175,"duration":10384},"flaky":false,"newFailed":true,"newPassed":false,"newBroken":false,"retriesCount":0,"retriesStatusChange":false,"parameters":["uhqom-duqmum-tepXe7","technical_assignment"]}],"uid":"d31acc14c5d1e4513937a5ade595717b"}],"uid":"8fb3a91ba5aaf9de24cc8a92edc82b5d"},{"name":"Test defects","children":[{"name":"selenium.common.exceptions.NoSuchElementException: Message: no such element: Unable to locate element: {\"method\":\"xpath\",\"selector\":\"/html/body/div/div[1]/div/nav/ul/li[4]/div/ul/li[6]/a\"}\n  (Session info: headless chrome=107.0.5304.87)\nStacktrace:\n#0 0x558be34c7463 <unknown>\n#1 0x558be328b8d8 <unknown>\n#2 0x558be32c943a <unknown>\n#3 0x558be32c9651 <unknown>\n#4 0x558be33057a4 <unknown>\n#5 0x558be32ea64d <unknown>\n#6 0x558be330330f <unknown>\n#7 0x558be32ea443 <unknown>\n#8 0x558be32bb3c5 <unknown>\n#9 0x558be32bc531 <unknown>\n#10 0x558be3519dce <unknown>\n#11 0x558be351d192 <unknown>\n#12 0x558be34fe93e <unknown>\n#13 0x558be351e103 <unknown>\n#14 0x558be34f1d85 <unknown>\n#15 0x558be353f0a8 <unknown>\n#16 0x558be353f239 <unknown>\n#17 0x558be355a492 <unknown>\n#18 0x7f7cb393f609 start_thread\n\n","children":[{"name":"Login -- @1.1 ","uid":"a2c7114a62f74886","parentUid":"12a8d7422333f208f91133af4f83b322","status":"broken","time":{"start":1667419966420,"stop":1667419976790,"duration":10370},"flaky":false,"newFailed":false,"newPassed":false,"newBroken":true,"retriesCount":0,"retriesStatusChange":false,"parameters":["uhqom-duqmum-tepXe7","technical_assignment"]}],"uid":"12a8d7422333f208f91133af4f83b322"}],"uid":"bdbf199525818fae7a8651db9eafe741"}],"name":"categories"}